<?xml version="1.0" encoding="UTF-8"?>
<!-- Generated by org.testng.reporters.JUnitXMLReporter -->
<testsuite ignored="0" hostname="sys" failures="1" tests="3" name="Test" time="0.08" errors="0" timestamp="14 Jun 2020 02:05:43 GMT">
  <testcase classname="itestListener.TestClass1" name="metd_a" time="0.017"/>
  <testcase classname="itestListener.TestClass1" name="metd_b" time="0.007">
    <failure type="java.lang.AssertionError" message="null">
      <![CDATA[java.lang.AssertionError: null
at itestListener.TestClass1.metd_b(TestClass1.java:21)
... Removed 27 stack frames]]>
    </failure>
  </testcase> <!-- metd_b -->
  <testcase classname="itestListener.TestClass1" name="metd_c" time="0.004">
    <skipped/>
  </testcase> <!-- metd_c -->
</testsuite> <!-- Test -->
