<?xml version="1.0" encoding="UTF-8"?>
<!-- Generated by org.testng.reporters.JUnitXMLReporter -->
<testsuite ignored="0" hostname="sys" failures="0" tests="4" name="TestCases" time="0.08" errors="0" timestamp="14 May 2020 15:41:22 GMT">
  <testcase classname="testPackage.Class1" name="testCase1" time="0.017"/>
  <testcase classname="testPackage.Class1" name="testCase2" time="0.003"/>
  <testcase classname="testPackage.Class3" name="testCase5" time="0.003"/>
  <testcase classname="testPackage.Class3" name="testCase6" time="0.003"/>
</testsuite> <!-- TestCases -->
