<?xml version="1.0" encoding="UTF-8"?>
<testng-results ignored="0" total="1" passed="1" failed="0" skipped="0">
  <reporter-output>
  </reporter-output>
  <suite started-at="2019-08-22T06:00:37Z" name="Default suite" finished-at="2019-08-22T06:01:14Z" duration-ms="36950">
    <groups>
    </groups>
    <test started-at="2019-08-22T06:00:37Z" name="Default test" finished-at="2019-08-22T06:01:14Z" duration-ms="36950">
      <class name="TestCases.RediffTestCase">
        <test-method signature="TS001()[pri:0, instance:TestCases.RediffTestCase@4c6e276e]" started-at="2019-08-22T06:00:37Z" name="TS001" finished-at="2019-08-22T06:01:14Z" duration-ms="36887" status="PASS">
          <reporter-output>
          </reporter-output>
        </test-method> <!-- TS001 -->
      </class> <!-- TestCases.RediffTestCase -->
    </test> <!-- Default test -->
  </suite> <!-- Default suite -->
</testng-results>
