<?xml version="1.0" encoding="UTF-8"?>
<!-- Generated by org.testng.reporters.JUnitXMLReporter -->
<testsuite ignored="0" hostname="sys" failures="0" tests="5" name="Budget Calculator Testing" time="0.702" errors="0" timestamp="23 Jul 2019 04:20:00 GMT">
  <testcase classname="BudgetCalculator.BudgetCalc2_TC1" name="BudCalc" time="0.013"/>
  <testcase classname="BudgetCalculator.BudgetCalc2_TC4" name="BudCalc" time="0.016"/>
  <testcase classname="BudgetCalculator.BudgetCalc2_TC3" name="BudCalc" time="0.02"/>
  <testcase classname="BudgetCalculator.BudgetCalc2_TC5" name="BudCalc" time="0.027"/>
  <testcase classname="BudgetCalculator.BudgetCalc2_TC2" name="BudCalc" time="0.046"/>
</testsuite> <!-- Budget Calculator Testing -->
