<?xml version="1.0" encoding="UTF-8"?>
<!-- Generated by org.testng.reporters.JUnitXMLReporter -->
<testsuite ignored="0" hostname="sys" failures="0" tests="3" name="Regression Test" time="23.854" errors="0" timestamp="11 Jul 2019 13:25:40 GMT">
  <testcase classname="TestNGPack.Program5" name="search" time="9.065"/>
  <testcase classname="TestNGPack.Program5" name="navigate" time="5.271"/>
  <testcase classname="TestNGPack.Program5" name="verifyTitle" time="0.904"/>
</testsuite> <!-- Regression Test -->
