<?xml version="1.0" encoding="UTF-8"?>
<!-- Generated by org.testng.reporters.JUnitXMLReporter -->
<testsuite ignored="0" hostname="sys" failures="1" tests="1" name="Regression Testing" time="65.486" errors="0" timestamp="26 Jul 2019 09:32:50 GMT">
  <testcase classname="JAVA_PACKAGE.READ_FILE" name="test" time="65.085">
    <failure type="java.lang.ArrayIndexOutOfBoundsException" message="Index 6 out of bounds for length 6">
      <![CDATA[java.lang.ArrayIndexOutOfBoundsException: Index 6 out of bounds for length 6
at JAVA_PACKAGE.READ_FILE.test(READ_FILE.java:94)
... Removed 25 stack frames]]>
    </failure>
  </testcase> <!-- test -->
</testsuite> <!-- Regression Testing -->
