<?xml version="1.0" encoding="UTF-8"?>
<!-- Generated by org.testng.reporters.JUnitXMLReporter -->
<testsuite ignored="0" hostname="sys" failures="0" tests="3" name="Youtube Testing" time="121.929" errors="0" timestamp="29 Jul 2019 05:39:29 GMT">
  <testcase classname="Youtub_Demo.YTDNEW2" name="test1" time="71.742"/>
  <testcase classname="Youtub_Demo.YTDNEW3" name="test1" time="71.802"/>
  <testcase classname="Youtub_Demo.YTDNEW1" name="test1" time="121.263"/>
</testsuite> <!-- Youtube Testing -->
