<?xml version="1.0" encoding="UTF-8"?>
<testng-results ignored="0" total="1" passed="1" failed="0" skipped="0">
  <reporter-output>
  </reporter-output>
  <suite started-at="2019-08-21T09:11:25Z" name="Automated Testing" finished-at="2019-08-21T09:11:55Z" duration-ms="30120">
    <groups>
    </groups>
    <test started-at="2019-08-21T09:11:25Z" name="Regression Testing" finished-at="2019-08-21T09:11:55Z" duration-ms="30120">
      <class name="icici_test.ZTEST">
        <test-method signature="test()[pri:0, instance:icici_test.ZTEST@130f889]" started-at="2019-08-21T09:11:25Z" name="test" finished-at="2019-08-21T09:11:55Z" duration-ms="30058" status="PASS">
          <reporter-output>
          </reporter-output>
        </test-method> <!-- test -->
      </class> <!-- icici_test.ZTEST -->
    </test> <!-- Regression Testing -->
  </suite> <!-- Automated Testing -->
</testng-results>
