<?xml version="1.0" encoding="UTF-8"?>
<testng-results ignored="0" total="1" passed="1" failed="0" skipped="0">
  <reporter-output>
  </reporter-output>
  <suite started-at="2019-08-21T10:25:49Z" name="Default suite" finished-at="2019-08-21T10:26:17Z" duration-ms="27507">
    <groups>
    </groups>
    <test started-at="2019-08-21T10:25:49Z" name="Default test" finished-at="2019-08-21T10:26:17Z" duration-ms="27507">
      <class name="icici_test.ZTEST2">
        <test-method is-config="true" signature="setup()[pri:0, instance:icici_test.ZTEST2@21507a04]" started-at="2019-08-21T10:25:49Z" name="setup" finished-at="2019-08-21T10:25:49Z" duration-ms="20" status="PASS">
          <reporter-output>
          </reporter-output>
        </test-method> <!-- setup -->
        <test-method signature="test()[pri:0, instance:icici_test.ZTEST2@21507a04]" started-at="2019-08-21T10:25:49Z" name="test" finished-at="2019-08-21T10:26:17Z" duration-ms="27451" status="PASS">
          <reporter-output>
          </reporter-output>
        </test-method> <!-- test -->
      </class> <!-- icici_test.ZTEST2 -->
    </test> <!-- Default test -->
  </suite> <!-- Default suite -->
</testng-results>
